# JRE version: Java(TM) SE Runtime Environment (17.0.5+9) (build 17.0.5+9-LTS-191)
# Java VM: Java HotSpot(TM) 64-Bit Server VM (17.0.5+9-LTS-191, mixed mode, sharing, tiered, compressed oops, compressed class ptrs, g1 gc, windows-amd64)
GC Precious Log:
 CPUs: 12 total, 12 available
 Memory: 32475M
 Large Page Support: Disabled
 NUMA Support: Disabled
 Compressed Oops: Enabled (Zero based)
 Heap Region Size: 4M
 Heap Min Capacity: 8M
 Heap Initial Capacity: 508M
 Heap Max Capacity: 8120M
 Pre-touch: Disabled
 Parallel Workers: 10
 Concurrent Workers: 3
 Concurrent Refinement Workers: 10
 Periodic GC: Disabled
Heap:
 garbage-first heap   total 520192K, used 135456K [0x0000000604800000, 0x0000000800000000)
  region size 4096K, 34 young (139264K), 1 survivors (4096K)
 Metaspace       used 2552K, committed 2816K, reserved 1056768K
  class space    used 186K, committed 320K, reserved 1048576K
GC Heap History (20 events):
Event: 8482.505 GC heap before
{Heap before GC invocations=775 (full 0):
 garbage-first heap   total 520192K, used 311521K [0x0000000604800000, 0x0000000800000000)
  region size 4096K, 76 young (311296K), 1 survivors (4096K)
 Metaspace       used 2518K, committed 2752K, reserved 1056768K
  class space    used 186K, committed 320K, reserved 1048576K
}
Event: 8482.507 GC heap after
{Heap after GC invocations=776 (full 0):
 garbage-first heap   total 520192K, used 4487K [0x0000000604800000, 0x0000000800000000)
  region size 4096K, 1 young (4096K), 1 survivors (4096K)
 Metaspace       used 2518K, committed 2752K, reserved 1056768K
  class space    used 186K, committed 320K, reserved 1048576K
}
Event: 8483.530 GC heap before
{Heap before GC invocations=776 (full 0):
 garbage-first heap   total 520192K, used 311687K [0x0000000604800000, 0x0000000800000000)
  region size 4096K, 76 young (311296K), 1 survivors (4096K)
 Metaspace       used 2518K, committed 2752K, reserved 1056768K
  class space    used 186K, committed 320K, reserved 1048576K
}
Event: 8483.531 GC heap after
{Heap after GC invocations=777 (full 0):
 garbage-first heap   total 520192K, used 4372K [0x0000000604800000, 0x0000000800000000)
  region size 4096K, 1 young (4096K), 1 survivors (4096K)
 Metaspace       used 2518K, committed 2752K, reserved 1056768K
  class space    used 186K, committed 320K, reserved 1048576K
}
Event: 8484.575 GC heap before
{Heap before GC invocations=777 (full 0):
 garbage-first heap   total 520192K, used 311572K [0x0000000604800000, 0x0000000800000000)
  region size 4096K, 76 young (311296K), 1 survivors (4096K)
 Metaspace       used 2518K, committed 2752K, reserved 1056768K
  class space    used 186K, committed 320K, reserved 1048576K
}
Event: 8484.576 GC heap after
{Heap after GC invocations=778 (full 0):
 garbage-first heap   total 520192K, used 4381K [0x0000000604800000, 0x0000000800000000)
  region size 4096K, 1 young (4096K), 1 survivors (4096K)
 Metaspace       used 2518K, committed 2752K, reserved 1056768K
  class space    used 186K, committed 320K, reserved 1048576K
}
Event: 8485.728 GC heap before
{Heap before GC invocations=778 (full 0):
 garbage-first heap   total 520192K, used 311581K [0x0000000604800000, 0x0000000800000000)
  region size 4096K, 76 young (311296K), 1 survivors (4096K)
 Metaspace       used 2518K, committed 2752K, reserved 1056768K
  class space    used 186K, committed 320K, reserved 1048576K
}
Event: 8485.729 GC heap after
{Heap after GC invocations=779 (full 0):
 garbage-first heap   total 520192K, used 4354K [0x0000000604800000, 0x0000000800000000)
  region size 4096K, 1 young (4096K), 1 survivors (4096K)
 Metaspace       used 2518K, committed 2752K, reserved 1056768K
  class space    used 186K, committed 320K, reserved 1048576K
}
Event: 8486.764 GC heap before
{Heap before GC invocations=779 (full 0):
 garbage-first heap   total 520192K, used 311554K [0x0000000604800000, 0x0000000800000000)
  region size 4096K, 76 young (311296K), 1 survivors (4096K)
 Metaspace       used 2518K, committed 2752K, reserved 1056768K
  class space    used 186K, committed 320K, reserved 1048576K
}
Event: 8486.765 GC heap after
{Heap after GC invocations=780 (full 0):
 garbage-first heap   total 520192K, used 4365K [0x0000000604800000, 0x0000000800000000)
  region size 4096K, 1 young (4096K), 1 survivors (4096K)
 Metaspace       used 2518K, committed 2752K, reserved 1056768K
  class space    used 186K, committed 320K, reserved 1048576K
}
Event: 8487.833 GC heap before
{Heap before GC invocations=780 (full 0):
 garbage-first heap   total 520192K, used 311565K [0x0000000604800000, 0x0000000800000000)
  region size 4096K, 76 young (311296K), 1 survivors (4096K)
 Metaspace       used 2518K, committed 2752K, reserved 1056768K
  class space    used 186K, committed 320K, reserved 1048576K
}
Event: 8487.834 GC heap after
{Heap after GC invocations=781 (full 0):
 garbage-first heap   total 520192K, used 4303K [0x0000000604800000, 0x0000000800000000)
  region size 4096K, 1 young (4096K), 1 survivors (4096K)
 Metaspace       used 2518K, committed 2752K, reserved 1056768K
  class space    used 186K, committed 320K, reserved 1048576K
}
Event: 8489.035 GC heap before
{Heap before GC invocations=781 (full 0):
 garbage-first heap   total 520192K, used 311503K [0x0000000604800000, 0x0000000800000000)
  region size 4096K, 76 young (311296K), 1 survivors (4096K)
 Metaspace       used 2518K, committed 2752K, reserved 1056768K
  class space    used 186K, committed 320K, reserved 1048576K
}
Event: 8489.036 GC heap after
{Heap after GC invocations=782 (full 0):
 garbage-first heap   total 520192K, used 4466K [0x0000000604800000, 0x0000000800000000)
  region size 4096K, 1 young (4096K), 1 survivors (4096K)
 Metaspace       used 2518K, committed 2752K, reserved 1056768K
  class space    used 186K, committed 320K, reserved 1048576K
}
Event: 8490.037 GC heap before
{Heap before GC invocations=782 (full 0):
 garbage-first heap   total 520192K, used 311666K [0x0000000604800000, 0x0000000800000000)
  region size 4096K, 76 young (311296K), 1 survivors (4096K)
 Metaspace       used 2518K, committed 2752K, reserved 1056768K
  class space    used 186K, committed 320K, reserved 1048576K
}
Event: 8490.038 GC heap after
{Heap after GC invocations=783 (full 0):
 garbage-first heap   total 520192K, used 4399K [0x0000000604800000, 0x0000000800000000)
  region size 4096K, 1 young (4096K), 1 survivors (4096K)
 Metaspace       used 2518K, committed 2752K, reserved 1056768K
  class space    used 186K, committed 320K, reserved 1048576K
}
Event: 8491.017 GC heap before
{Heap before GC invocations=783 (full 0):
 garbage-first heap   total 520192K, used 311599K [0x0000000604800000, 0x0000000800000000)
  region size 4096K, 76 young (311296K), 1 survivors (4096K)
 Metaspace       used 2518K, committed 2752K, reserved 1056768K
  class space    used 186K, committed 320K, reserved 1048576K
}
Event: 8491.018 GC heap after
{Heap after GC invocations=784 (full 0):
 garbage-first heap   total 520192K, used 4298K [0x0000000604800000, 0x0000000800000000)
  region size 4096K, 1 young (4096K), 1 survivors (4096K)
 Metaspace       used 2518K, committed 2752K, reserved 1056768K
  class space    used 186K, committed 320K, reserved 1048576K
}
Event: 8492.036 GC heap before
{Heap before GC invocations=784 (full 0):
 garbage-first heap   total 520192K, used 311498K [0x0000000604800000, 0x0000000800000000)
  region size 4096K, 76 young (311296K), 1 survivors (4096K)
 Metaspace       used 2518K, committed 2752K, reserved 1056768K
  class space    used 186K, committed 320K, reserved 1048576K
}
Event: 8492.037 GC heap after
{Heap after GC invocations=785 (full 0):
 garbage-first heap   total 520192K, used 4384K [0x0000000604800000, 0x0000000800000000)
  region size 4096K, 1 young (4096K), 1 survivors (4096K)
 Metaspace       used 2518K, committed 2752K, reserved 1056768K
  class space    used 186K, committed 320K, reserved 1048576K
}

